#**# 2021-03-02 03:23:48.860 [dc8c93345b1c4c9d9e56969d40c4c6c5]
[F] - 2021-03-02 03:23:48.859
	id: null
	info: GET /.env 3.83.154.240 
	controller:  > 
	query: {null}
	body: 
	returnCode: -1(-1)
	elapsed-time: 1ms
#**#
#**# 2021-03-02 03:45:45.628 [04a841b98d344aeb8e37df9737ce4b50]
[F] - 2021-03-02 03:45:45.628
	id: null
	info: POST / 3.83.154.240 
	controller:  > 
	query: {null}
	body: 0x%5B%5D=androxgh0st
	returnCode: -1(-1)
	elapsed-time: 0ms
#**#
#**# 2021-03-02 03:50:52.818 [237ff7a67fe54a2c9eaca3d151723df2]
[F] - 2021-03-02 03:50:52.817
	id: null
	info: GET / 162.142.125.53 
	controller:  > 
	query: {null}
	body: 
	returnCode: -1(-1)
	elapsed-time: 1ms
#**#
