#**# 2021-03-02 09:05:14.808 [7cd18be1aac048ce853d709440f62c29]
[F] - 2021-03-02 09:05:14.807
	id: null
	info: POST / 20.199.49.185 
	controller:  > 
	query: {null}
	body: 0x%5B%5D=androxgh0st
	returnCode: -1(-1)
	elapsed-time: 1ms
#**#
#**# 2021-03-02 09:06:23.879 [913db4de045a4153837e9773471aac4f]
[F] - 2021-03-02 09:06:23.878
	id: null
	info: GET / 167.248.133.38 
	controller:  > 
	query: {null}
	body: 
	returnCode: -1(-1)
	elapsed-time: 1ms
#**#
#**# 2021-03-02 09:54:33.236 [7b46ae80cfd447b0ad1b65fe2e1a1431]
[F] - 2021-03-02 09:54:33.235
	id: null
	info: GET / 193.118.53.202 
	controller:  > 
	query: {null}
	body: 
	returnCode: -1(-1)
	elapsed-time: 1ms
#**#
