#**# 2021-03-02 08:00:26.964 [875ad79297644865aaaa1586f57c3df2]
[F] - 2021-03-02 08:00:26.961
	id: null
	info: GET /0bef 172.105.89.161 
	controller:  > 
	query: {null}
	body: 
	returnCode: -1(-1)
	elapsed-time: 2ms
#**#
#**# 2021-03-02 08:15:06.202 [6f8e31132e0c47f58f485c40f7355091]
[F] - 2021-03-02 08:15:06.202
	id: null
	info: GET /owa/auth/logon.aspx 192.241.226.27 
	controller:  > 
	query: {url=https%3a%2f%2f1%2fecp%2f}
	body: 
	returnCode: -1(-1)
	elapsed-time: 0ms
#**#
#**# 2021-03-02 08:23:28.832 [1daf751998de44b4a043ca662d6193f7]
[F] - 2021-03-02 08:23:28.831
	id: null
	info: GET / 45.144.225.116 GB
	controller:  > 
	query: {null}
	body: 
	returnCode: -1(-1)
	elapsed-time: 1ms
#**#
#**# 2021-03-02 08:42:50.709 [ddb45b3764314ab0a20eb10cf1038214]
[F] - 2021-03-02 08:42:50.708
	id: null
	info: GET / 209.17.97.74 
	controller:  > 
	query: {null}
	body: 
	returnCode: -1(-1)
	elapsed-time: 1ms
#**#
#**# 2021-03-02 08:43:20.281 [397cc9c24c294504ab11e37f44e1aaff]
[F] - 2021-03-02 08:43:20.280
	id: null
	info: GET / 71.6.232.7 
	controller:  > 
	query: {null}
	body: 
	returnCode: -1(-1)
	elapsed-time: 1ms
#**#
#**# 2021-03-02 08:49:25.360 [3da2f5d39a4741a9a24256c6ec4d0872]
[F] - 2021-03-02 08:49:25.360
	id: null
	info: GET /config/getuser 205.185.122.102 GB
	controller:  > 
	query: {index=0}
	body: 
	returnCode: -1(-1)
	elapsed-time: 0ms
#**#
